This is pdfTeX, Version 3.14159265-2.6-1.40.20 (TeX Live 2019/Arch Linux) (preloaded format=pdflatex 2019.8.20)  20 AUG 2019 21:08
entering extended mode
 restricted \write18 enabled.
 file:line:error style messages enabled.
 %&-line parsing enabled.
**clase-1.tex
(./clase-1.tex
LaTeX2e <2018-12-01>
(/usr/share/texmf-dist/tex/latex/base/article.cls
Document Class: article 2018/09/03 v1.4i Standard LaTeX document class
(/usr/share/texmf-dist/tex/latex/base/size10.clo
File: size10.clo 2018/09/03 v1.4i Standard LaTeX file (size option)
)
\c@part=\count80
\c@section=\count81
\c@subsection=\count82
\c@subsubsection=\count83
\c@paragraph=\count84
\c@subparagraph=\count85
\c@figure=\count86
\c@table=\count87
\abovecaptionskip=\skip41
\belowcaptionskip=\skip42
\bibindent=\dimen102
) (/usr/share/texmf-dist/tex/generic/babel/babel.sty
Package: babel 2019/04/03 3.29 The Babel package
 (/usr/share/texmf-dist/tex/generic/babel/switch.def
File: switch.def 2019/04/03 3.29 Babel switching mechanism
) (/usr/share/texmf-dist/tex/generic/babel-spanish/spanish.ldf
Language: spanish.ldf 2016/03/03 v5.0p Spanish support from the babel system
 (/usr/share/texmf-dist/tex/generic/babel/babel.def
File: babel.def 2019/04/03 3.29 Babel common definitions
\babel@savecnt=\count88
\U@D=\dimen103
 (/usr/share/texmf-dist/tex/generic/babel/txtbabel.def)
\bbl@dirlevel=\count89
)
\es@quottoks=\toks14
\es@quotdepth=\count90
Package babel Info: Making " an active character on input line 561.
Package babel Info: Making . an active character on input line 662.
Package babel Info: Making < an active character on input line 707.
Package babel Info: Making > an active character on input line 707.
)) (./clase-1.aux
LaTeX Info: Redefining \. on input line 6.
LaTeX Info: Redefining \% on input line 6.
)
\openout1 = `clase-1.aux'.

LaTeX Font Info:    Checking defaults for OML/cmm/m/it on input line 3.
LaTeX Font Info:    ... okay on input line 3.
LaTeX Font Info:    Checking defaults for T1/cmr/m/n on input line 3.
LaTeX Font Info:    ... okay on input line 3.
LaTeX Font Info:    Checking defaults for OT1/cmr/m/n on input line 3.
LaTeX Font Info:    ... okay on input line 3.
LaTeX Font Info:    Checking defaults for OMS/cmsy/m/n on input line 3.
LaTeX Font Info:    ... okay on input line 3.
LaTeX Font Info:    Checking defaults for OMX/cmex/m/n on input line 3.
LaTeX Font Info:    ... okay on input line 3.
LaTeX Font Info:    Checking defaults for U/cmr/m/n on input line 3.
LaTeX Font Info:    ... okay on input line 3.
LaTeX Info: Redefining \. on input line 3.
LaTeX Info: Redefining \% on input line 3.

./clase-1.tex:5: Missing $ inserted.
<inserted text> 
                $
l.5 Tenemos un modelo Y_
                        i = Bo + B1 X + E1. Asumimos que el error tiene dist...
I've inserted a begin-math/end-math symbol since I think
you left one out. Proceed, with fingers crossed.

LaTeX Font Info:    External font `cmex10' loaded for size
(Font)              <7> on input line 5.
LaTeX Font Info:    External font `cmex10' loaded for size
(Font)              <5> on input line 5.

LaTeX Warning: Command \' invalid in math mode on input line 5.

./clase-1.tex:5: Please use \mathaccent for accents in math mode.
\add@accent ...@spacefactor \spacefactor }\accent 
                                                  #1 #2\egroup \spacefactor ...
l.5 ...1. Asumimos que el error tiene distribuci√≥
                                                  n normal N(0,sigma cuadrad...
I'm changing \accent to \mathaccent here; wish me luck.
(Accents are not the same in formulas as they are in text.)

./clase-1.tex:5: You can't use `\spacefactor' in math mode.
\add@accent ...}\accent #1 #2\egroup \spacefactor 
                                                  \accent@spacefactor 
l.5 ...1. Asumimos que el error tiene distribuci√≥
                                                  n normal N(0,sigma cuadrad...
Sorry, but I'm not programmed to handle this case;
I'll just pretend that you didn't ask for it.
If you're in the wrong mode, you might be able to
return to the right one by typing `I}' or `I$' or `I\par'.


LaTeX Warning: Command \' invalid in math mode on input line 5.

./clase-1.tex:5: Please use \mathaccent for accents in math mode.
\add@accent ...@spacefactor \spacefactor }\accent 
                                                  #1 #2\egroup \spacefactor ...
l.5 ...por el momento, es conocido. Lo que deber√≠
                                                  amos darnos cuenta es que ...
I'm changing \accent to \mathaccent here; wish me luck.
(Accents are not the same in formulas as they are in text.)

./clase-1.tex:5: Missing { inserted.
<to be read again> 
                   \begingroup 
l.5 ...por el momento, es conocido. Lo que deber√≠
                                                  amos darnos cuenta es que ...
A left brace was mandatory here, so I've put one in.
You might want to delete and/or insert some corrections
so that I will find a matching right brace soon.
(If you're confused by all this, try typing `I}' now.)


LaTeX Warning: Command \i invalid in math mode on input line 5.

./clase-1.tex:5: You can't use `\spacefactor' in math mode.
\add@accent ...}\accent #1 #2\egroup \spacefactor 
                                                  \accent@spacefactor 
l.5 ...por el momento, es conocido. Lo que deber√≠
                                                  amos darnos cuenta es que ...
Sorry, but I'm not programmed to handle this case;
I'll just pretend that you didn't ask for it.
If you're in the wrong mode, you might be able to
return to the right one by typing `I}' or `I$' or `I\par'.


LaTeX Warning: Command \' invalid in math mode on input line 5.

./clase-1.tex:5: Please use \mathaccent for accents in math mode.
\add@accent ...@spacefactor \spacefactor }\accent 
                                                  #1 #2\egroup \spacefactor ...
l.5 ...leatorio. Dado ello, Y_i tiene distribuci√≥
                                                  n normal(Bo + B1 * Xi, sig...
I'm changing \accent to \mathaccent here; wish me luck.
(Accents are not the same in formulas as they are in text.)

./clase-1.tex:5: You can't use `\spacefactor' in math mode.
\add@accent ...}\accent #1 #2\egroup \spacefactor 
                                                  \accent@spacefactor 
l.5 ...leatorio. Dado ello, Y_i tiene distribuci√≥
                                                  n normal(Bo + B1 * Xi, sig...
Sorry, but I'm not programmed to handle this case;
I'll just pretend that you didn't ask for it.
If you're in the wrong mode, you might be able to
return to the right one by typing `I}' or `I$' or `I\par'.


LaTeX Warning: Command \' invalid in math mode on input line 5.

./clase-1.tex:5: Please use \mathaccent for accents in math mode.
\add@accent ...@spacefactor \spacefactor }\accent 
                                                  #1 #2\egroup \spacefactor ...
l.5 ...rmal(Bo + B1 * Xi, sigma cuadrado). Tambi√©
                                                  n podemos escribir T_ que ...
I'm changing \accent to \mathaccent here; wish me luck.
(Accents are not the same in formulas as they are in text.)

./clase-1.tex:5: You can't use `\spacefactor' in math mode.
\add@accent ...}\accent #1 #2\egroup \spacefactor 
                                                  \accent@spacefactor 
l.5 ...rmal(Bo + B1 * Xi, sigma cuadrado). Tambi√©
                                                  n podemos escribir T_ que ...
Sorry, but I'm not programmed to handle this case;
I'll just pretend that you didn't ask for it.
If you're in the wrong mode, you might be able to
return to the right one by typing `I}' or `I$' or `I\par'.


LaTeX Warning: Command \' invalid in math mode on input line 5.

./clase-1.tex:5: Please use \mathaccent for accents in math mode.
\add@accent ...@spacefactor \spacefactor }\accent 
                                                  #1 #2\egroup \spacefactor ...
l.5 ...emos escribir T_ que tiene una distribuci√≥
                                                  n normal (u_i, sigma cuadr...
I'm changing \accent to \mathaccent here; wish me luck.
(Accents are not the same in formulas as they are in text.)

./clase-1.tex:5: You can't use `\spacefactor' in math mode.
\add@accent ...}\accent #1 #2\egroup \spacefactor 
                                                  \accent@spacefactor 
l.5 ...emos escribir T_ que tiene una distribuci√≥
                                                  n normal (u_i, sigma cuadr...
Sorry, but I'm not programmed to handle this case;
I'll just pretend that you didn't ask for it.
If you're in the wrong mode, you might be able to
return to the right one by typing `I}' or `I$' or `I\par'.


LaTeX Warning: Command \' invalid in math mode on input line 5.

./clase-1.tex:5: Please use \mathaccent for accents in math mode.
\add@accent ...@spacefactor \spacefactor }\accent 
                                                  #1 #2\egroup \spacefactor ...
l.5 ...tribuci√≥n normal (u_i, sigma cuadrado) d√≥
                                                  nde u_i = N_i y N_i = Bo +...
I'm changing \accent to \mathaccent here; wish me luck.
(Accents are not the same in formulas as they are in text.)

./clase-1.tex:5: You can't use `\spacefactor' in math mode.
\add@accent ...}\accent #1 #2\egroup \spacefactor 
                                                  \accent@spacefactor 
l.5 ...tribuci√≥n normal (u_i, sigma cuadrado) d√≥
                                                  nde u_i = N_i y N_i = Bo +...
Sorry, but I'm not programmed to handle this case;
I'll just pretend that you didn't ask for it.
If you're in the wrong mode, you might be able to
return to the right one by typing `I}' or `I$' or `I\par'.

./clase-1.tex:6: Missing $ inserted.
<inserted text> 
                $
l.6 
    
I've inserted a begin-math/end-math symbol since I think
you left one out. Proceed, with fingers crossed.

./clase-1.tex:6: Missing } inserted.
<inserted text> 
                }
l.6 
    
I've inserted something that you may have forgotten.
(See the <inserted text> above.)
With luck, this will get me unwedged. But if you
really didn't forget anything, try typing `2' now; then
my insertion and my current dilemma will both disappear.

Missing character: There is no Ë in font cmex10!
Missing character: There is no Ë in font cmex10!
Missing character: There is no Ë in font cmex10!
Missing character: There is no Ë in font cmex10!
Missing character: There is no Ë in font cmex10!
Missing character: There is no Ë in font cmex10!

Overfull \hbox (1694.20534pt too wide) in paragraph at lines 5--6
[]\OT1/cmr/m/n/10 Tenemos un mo-de-lo Y$[] = \OML/cmm/m/it/10 Bo \OT1/cmr/m/n/10 + \OML/cmm/m/it/10 B\OT1/cmr/m/n/10 1\OML/cmm/m/it/10 X \OT1/cmr/m/n/10 + \OML/cmm/m/it/10 E\OT1/cmr/m/n/10 1\OML/cmm/m/it/10 :Asumimosqueelerrortienedistribuci[]nnormalN\OT1/cmr/m/n/10 (0\OML/cmm/m/it/10 ; sigmacuadrado\OT1/cmr/m/n/10 )\OML/cmm/m/it/10 :Elerroresindependiente:X; porelmomento; esconocido:Loquedeber[]$ 
 []

./clase-1.tex:7: Missing $ inserted.
<inserted text> 
                $
l.7 ...ble respuesta (parte aleatoria) = Yi ~ N(u_
                                                  i, sigma cuadrado)
I've inserted a begin-math/end-math symbol since I think
you left one out. Proceed, with fingers crossed.


LaTeX Warning: Command \' invalid in math mode on input line 8.

./clase-1.tex:8: Please use \mathaccent for accents in math mode.
\add@accent ...@spacefactor \spacefactor }\accent 
                                                  #1 #2\egroup \spacefactor ...
l.8 Predictor lineal (parte sistem√°
                                    tica) = N_i = Bo + B1 *X_i
I'm changing \accent to \mathaccent here; wish me luck.
(Accents are not the same in formulas as they are in text.)

./clase-1.tex:8: You can't use `\spacefactor' in math mode.
\add@accent ...}\accent #1 #2\egroup \spacefactor 
                                                  \accent@spacefactor 
l.8 Predictor lineal (parte sistem√°
                                    tica) = N_i = Bo + B1 *X_i
Sorry, but I'm not programmed to handle this case;
I'll just pretend that you didn't ask for it.
If you're in the wrong mode, you might be able to
return to the right one by typing `I}' or `I$' or `I\par'.


LaTeX Warning: Command \' invalid in math mode on input line 9.

./clase-1.tex:9: Please use \mathaccent for accents in math mode.
\add@accent ...@spacefactor \spacefactor }\accent 
                                                  #1 #2\egroup \spacefactor ...
l.9 Enlace (funci√≥
                   n de enlace) = u_i = N_i
I'm changing \accent to \mathaccent here; wish me luck.
(Accents are not the same in formulas as they are in text.)

./clase-1.tex:9: You can't use `\spacefactor' in math mode.
\add@accent ...}\accent #1 #2\egroup \spacefactor 
                                                  \accent@spacefactor 
l.9 Enlace (funci√≥
                   n de enlace) = u_i = N_i
Sorry, but I'm not programmed to handle this case;
I'll just pretend that you didn't ask for it.
If you're in the wrong mode, you might be able to
return to the right one by typing `I}' or `I$' or `I\par'.


LaTeX Warning: Command \' invalid in math mode on input line 10.

./clase-1.tex:10: Please use \mathaccent for accents in math mode.
\add@accent ...@spacefactor \spacefactor }\accent 
                                                  #1 #2\egroup \spacefactor ...
l.10 ... es bien flexible. Puede modelar un mont√≥
                                                  n de distribuciones que pu...
I'm changing \accent to \mathaccent here; wish me luck.
(Accents are not the same in formulas as they are in text.)

./clase-1.tex:10: You can't use `\spacefactor' in math mode.
\add@accent ...}\accent #1 #2\egroup \spacefactor 
                                                  \accent@spacefactor 
l.10 ... es bien flexible. Puede modelar un mont√≥
                                                  n de distribuciones que pu...
Sorry, but I'm not programmed to handle this case;
I'll just pretend that you didn't ask for it.
If you're in the wrong mode, you might be able to
return to the right one by typing `I}' or `I$' or `I\par'.

./clase-1.tex:11: Missing $ inserted.
<inserted text> 
                $
l.11 
     
I've inserted a begin-math/end-math symbol since I think
you left one out. Proceed, with fingers crossed.

Missing character: There is no Ë in font cmex10!
Missing character: There is no Ë in font cmex10!
Missing character: There is no Ë in font cmex10!

Overfull \hbox (184.53268pt too wide) in paragraph at lines 7--11
[]\OT1/cmr/m/n/10 Distribuci^^Son de la va-ria-ble res-pues-ta (par-te alea-to-ria) = Yi  N(u$[]\OML/cmm/m/it/10 ; sigmacuadrado\OT1/cmr/m/n/10 )\OML/cmm/m/it/10 Predictorlineal\OT1/cmr/m/n/10 (\OML/cmm/m/it/10 partesistem[]tica\OT1/cmr/m/n/10 ) =
 []


Overfull \hbox (317.21167pt too wide) in paragraph at lines 7--11
\OML/cmm/m/it/10 N[] \OT1/cmr/m/n/10 = \OML/cmm/m/it/10 Bo \OT1/cmr/m/n/10 + \OML/cmm/m/it/10 B\OT1/cmr/m/n/10 1 \OMS/cmsy/m/n/10 ^^C \OML/cmm/m/it/10 X[]Enlace\OT1/cmr/m/n/10 (\OML/cmm/m/it/10 funci[]ndeenlace\OT1/cmr/m/n/10 ) = \OML/cmm/m/it/10 u[] \OT1/cmr/m/n/10 = \OML/cmm/m/it/10 N[]Elmodelolinealesbienflexible:Puedemodelarunmont[]ndedistribucionesquepuedensercomplejas:$ 
 []

./clase-1.tex:13: Missing $ inserted.
<inserted text> 
                $
l.13 Parte aleatoria Yi ~ N(u_
                              i, $\sigma$ cuadrado)
I've inserted a begin-math/end-math symbol since I think
you left one out. Proceed, with fingers crossed.

./clase-1.tex:13: Missing $ inserted.
<inserted text> 
                $
l.13 Parte aleatoria Yi ~ N(u_i, $\sigma
                                        $ cuadrado)
I've inserted a begin-math/end-math symbol since I think
you left one out. Proceed, with fingers crossed.

./clase-1.tex:14: Missing $ inserted.
<inserted text> 
                $
l.14 Predictor lineal = N_
                          i = B0, B1 *Xi + B2 * $X_{i}$ al cuadrado
I've inserted a begin-math/end-math symbol since I think
you left one out. Proceed, with fingers crossed.

./clase-1.tex:14: Missing $ inserted.
<inserted text> 
                $
l.14 ...ictor lineal = N_i = B0, B1 *Xi + B2 * $X_
                                                  {i}$ al cuadrado
I've inserted a begin-math/end-math symbol since I think
you left one out. Proceed, with fingers crossed.

./clase-1.tex:15: Missing $ inserted.
<inserted text> 
                $
l.15 Enlace = u_
                i = N_i
I've inserted a begin-math/end-math symbol since I think
you left one out. Proceed, with fingers crossed.

./clase-1.tex:16: Missing $ inserted.
<inserted text> 
                $
l.16 
     
I've inserted a begin-math/end-math symbol since I think
you left one out. Proceed, with fingers crossed.

./clase-1.tex:21: Missing $ inserted.
<inserted text> 
                $
l.21 ...eatoria tendr√≠a distribuci√≥n Y ~ pois(u_
                                                  i), nuestro predictor line...
I've inserted a begin-math/end-math symbol since I think
you left one out. Proceed, with fingers crossed.


LaTeX Warning: Command \' invalid in math mode on input line 21.

./clase-1.tex:21: Please use \mathaccent for accents in math mode.
\add@accent ...@spacefactor \spacefactor }\accent 
                                                  #1 #2\egroup \spacefactor ...
l.21 ... pois(u_i), nuestro predictor lineal ser√≠
                                                  a n_i = B0 + B1 X_i) y la ...
I'm changing \accent to \mathaccent here; wish me luck.
(Accents are not the same in formulas as they are in text.)

./clase-1.tex:21: Missing { inserted.
<to be read again> 
                   \begingroup 
l.21 ... pois(u_i), nuestro predictor lineal ser√≠
                                                  a n_i = B0 + B1 X_i) y la ...
A left brace was mandatory here, so I've put one in.
You might want to delete and/or insert some corrections
so that I will find a matching right brace soon.
(If you're confused by all this, try typing `I}' now.)


LaTeX Warning: Command \i invalid in math mode on input line 21.

./clase-1.tex:21: You can't use `\spacefactor' in math mode.
\add@accent ...}\accent #1 #2\egroup \spacefactor 
                                                  \accent@spacefactor 
l.21 ... pois(u_i), nuestro predictor lineal ser√≠
                                                  a n_i = B0 + B1 X_i) y la ...
Sorry, but I'm not programmed to handle this case;
I'll just pretend that you didn't ask for it.
If you're in the wrong mode, you might be able to
return to the right one by typing `I}' or `I$' or `I\par'.


LaTeX Warning: Command \' invalid in math mode on input line 21.

./clase-1.tex:21: Please use \mathaccent for accents in math mode.
\add@accent ...@spacefactor \spacefactor }\accent 
                                                  #1 #2\egroup \spacefactor ...
l.21 ...eal ser√≠a n_i = B0 + B1 X_i) y la funci√≥
                                                  n de enlace ser√≠a log(u_i...
I'm changing \accent to \mathaccent here; wish me luck.
(Accents are not the same in formulas as they are in text.)

./clase-1.tex:21: You can't use `\spacefactor' in math mode.
\add@accent ...}\accent #1 #2\egroup \spacefactor 
                                                  \accent@spacefactor 
l.21 ...eal ser√≠a n_i = B0 + B1 X_i) y la funci√≥
                                                  n de enlace ser√≠a log(u_i...
Sorry, but I'm not programmed to handle this case;
I'll just pretend that you didn't ask for it.
If you're in the wrong mode, you might be able to
return to the right one by typing `I}' or `I$' or `I\par'.


LaTeX Warning: Command \' invalid in math mode on input line 21.

./clase-1.tex:21: Please use \mathaccent for accents in math mode.
\add@accent ...@spacefactor \spacefactor }\accent 
                                                  #1 #2\egroup \spacefactor ...
l.21 ...B0 + B1 X_i) y la funci√≥n de enlace ser√≠
                                                  a log(u_i) = n_i
I'm changing \accent to \mathaccent here; wish me luck.
(Accents are not the same in formulas as they are in text.)

./clase-1.tex:21: Missing { inserted.
<to be read again> 
                   \begingroup 
l.21 ...B0 + B1 X_i) y la funci√≥n de enlace ser√≠
                                                  a log(u_i) = n_i
A left brace was mandatory here, so I've put one in.
You might want to delete and/or insert some corrections
so that I will find a matching right brace soon.
(If you're confused by all this, try typing `I}' now.)


LaTeX Warning: Command \i invalid in math mode on input line 21.

./clase-1.tex:21: You can't use `\spacefactor' in math mode.
\add@accent ...}\accent #1 #2\egroup \spacefactor 
                                                  \accent@spacefactor 
l.21 ...B0 + B1 X_i) y la funci√≥n de enlace ser√≠
                                                  a log(u_i) = n_i
Sorry, but I'm not programmed to handle this case;
I'll just pretend that you didn't ask for it.
If you're in the wrong mode, you might be able to
return to the right one by typing `I}' or `I$' or `I\par'.

./clase-1.tex:22: Missing $ inserted.
<inserted text> 
                $
l.22 
     
I've inserted a begin-math/end-math symbol since I think
you left one out. Proceed, with fingers crossed.

./clase-1.tex:22: Missing } inserted.
<inserted text> 
                }
l.22 
     
I've inserted something that you may have forgotten.
(See the <inserted text> above.)
With luck, this will get me unwedged. But if you
really didn't forget anything, try typing `2' now; then
my insertion and my current dilemma will both disappear.

./clase-1.tex:22: Missing } inserted.
<inserted text> 
                }
l.22 
     
I've inserted something that you may have forgotten.
(See the <inserted text> above.)
With luck, this will get me unwedged. But if you
really didn't forget anything, try typing `2' now; then
my insertion and my current dilemma will both disappear.

Missing character: There is no Ë in font cmex10!
Missing character: There is no Ë in font cmex10!
Missing character: There is no Ë in font cmex10!

Overfull \hbox (169.25705pt too wide) in paragraph at lines 21--22
\OT1/cmr/m/n/10 ria tendr^^S^^Pa dis-tri-bu-ci^^Son Y  pois(u$[])\OML/cmm/m/it/10 ; nuestropredictorlinealser[]$ 
 []

./clase-1.tex:23: Missing $ inserted.
<inserted text> 
                $
l.23 Modelo log√≠stico: Y_
                          i ~ Bernoulli(u_i); N_i = Bo + B1_xi; log(u_i/(1-u...
I've inserted a begin-math/end-math symbol since I think
you left one out. Proceed, with fingers crossed.

./clase-1.tex:24: Missing $ inserted.
<inserted text> 
                $
l.24 
     
I've inserted a begin-math/end-math symbol since I think
you left one out. Proceed, with fingers crossed.

./clase-1.tex:25: Missing $ inserted.
<inserted text> 
                $
l.25 ...delos lineales generalizados. En d√≥nde Y_
                                                  i ~ FE_familia-exponencial...
I've inserted a begin-math/end-math symbol since I think
you left one out. Proceed, with fingers crossed.

./clase-1.tex:25: Missing $ inserted.
<inserted text> 
                $
l.25 ...de Y_i ~ FE_familia-exponencial_(u_i,$\phi
                                                  $), en donde $\phi$ es un ...
I've inserted a begin-math/end-math symbol since I think
you left one out. Proceed, with fingers crossed.


Overfull \hbox (20.97134pt too wide) in paragraph at lines 25--27
[]\OT1/cmr/m/n/10 Esto da pie a in-di-car los mo-de-los li-nea-les ge-ne-ra-li-za-dos. En d^^Sonde Y$[] []\OML/cmm/m/it/10 FE[]amilia \OMS/cmsy/m/n/10 ^^@
 []

[1

{/var/lib/texmf/fonts/map/pdftex/updmap/pdftex.map}] (./clase-1.aux
LaTeX Info: Redefining \. on input line 6.
LaTeX Info: Redefining \% on input line 6.
) ) 
Here is how much of TeX's memory you used:
 1150 strings out of 492623
 14462 string characters out of 6135669
 91554 words of memory out of 5000000
 5132 multiletter control sequences out of 15000+600000
 3640 words of font info for 14 fonts, out of 8000000 for 9000
 1141 hyphenation exceptions out of 8191
 27i,4n,31p,529b,359s stack positions out of 5000i,500n,10000p,200000b,80000s
</usr/share/texmf-dist/fonts/type1/public/amsfonts/cm/cmex10.pfb></usr/share/texmf-dist/fonts/type1/public/amsfonts/cm/cmmi10.pfb></usr/share/texmf-dist/fonts/type1/public/amsfonts/cm/cmmi5.pfb></usr/share/texmf-dist/fonts/type1/public/amsfonts/cm/cmmi7.pfb></usr/share/texmf-dist/fonts/type1/public/amsfonts/cm/cmr10.pfb></usr/share/texmf-dist/fonts/type1/public/amsfonts/cm/cmr7.pfb></usr/share/texmf-dist/fonts/type1/public/amsfonts/cm/cmsy10.pfb>
Output written on clase-1.pdf (1 page, 78196 bytes).
PDF statistics:
 36 PDF objects out of 1000 (max. 8388607)
 25 compressed objects within 1 object stream
 0 named destinations out of 1000 (max. 500000)
 1 words of extra memory for PDF output out of 10000 (max. 10000000)

