This is pdfTeX, Version 3.14159265-2.6-1.40.20 (MiKTeX 2.9.7200 64-bit) (preloaded format=pdflatex 2019.11.8)  17 NOV 2019 17:30
entering extended mode
**./Clase-4.tex
(Clase-4.tex
LaTeX2e <2019-10-01> patch level 1
("C:\Program Files\MiKTeX 2.9\tex/latex/base\article.cls"
Document Class: article 2019/08/27 v1.4j Standard LaTeX document class
("C:\Program Files\MiKTeX 2.9\tex/latex/base\size10.clo"
File: size10.clo 2019/08/27 v1.4j Standard LaTeX file (size option)
)
\c@part=\count80
\c@section=\count81
\c@subsection=\count82
\c@subsubsection=\count83
\c@paragraph=\count84
\c@subparagraph=\count85
\c@figure=\count86
\c@table=\count87
\abovecaptionskip=\skip41
\belowcaptionskip=\skip42
\bibindent=\dimen102
)
("C:\Program Files\MiKTeX 2.9\tex/latex/lm\lmodern.sty"
Package: lmodern 2009/10/30 v1.6 Latin Modern Fonts
LaTeX Font Info:    Overwriting symbol font `operators' in version `normal'
(Font)                  OT1/cmr/m/n --> OT1/lmr/m/n on input line 22.
LaTeX Font Info:    Overwriting symbol font `letters' in version `normal'
(Font)                  OML/cmm/m/it --> OML/lmm/m/it on input line 23.
LaTeX Font Info:    Overwriting symbol font `symbols' in version `normal'
(Font)                  OMS/cmsy/m/n --> OMS/lmsy/m/n on input line 24.
LaTeX Font Info:    Overwriting symbol font `largesymbols' in version `normal'
(Font)                  OMX/cmex/m/n --> OMX/lmex/m/n on input line 25.
LaTeX Font Info:    Overwriting symbol font `operators' in version `bold'
(Font)                  OT1/cmr/bx/n --> OT1/lmr/bx/n on input line 26.
LaTeX Font Info:    Overwriting symbol font `letters' in version `bold'
(Font)                  OML/cmm/b/it --> OML/lmm/b/it on input line 27.
LaTeX Font Info:    Overwriting symbol font `symbols' in version `bold'
(Font)                  OMS/cmsy/b/n --> OMS/lmsy/b/n on input line 28.
LaTeX Font Info:    Overwriting symbol font `largesymbols' in version `bold'
(Font)                  OMX/cmex/m/n --> OMX/lmex/m/n on input line 29.
LaTeX Font Info:    Overwriting math alphabet `\mathbf' in version `normal'
(Font)                  OT1/cmr/bx/n --> OT1/lmr/bx/n on input line 31.
LaTeX Font Info:    Overwriting math alphabet `\mathsf' in version `normal'
(Font)                  OT1/cmss/m/n --> OT1/lmss/m/n on input line 32.
LaTeX Font Info:    Overwriting math alphabet `\mathit' in version `normal'
(Font)                  OT1/cmr/m/it --> OT1/lmr/m/it on input line 33.
LaTeX Font Info:    Overwriting math alphabet `\mathtt' in version `normal'
(Font)                  OT1/cmtt/m/n --> OT1/lmtt/m/n on input line 34.
LaTeX Font Info:    Overwriting math alphabet `\mathbf' in version `bold'
(Font)                  OT1/cmr/bx/n --> OT1/lmr/bx/n on input line 35.
LaTeX Font Info:    Overwriting math alphabet `\mathsf' in version `bold'
(Font)                  OT1/cmss/bx/n --> OT1/lmss/bx/n on input line 36.
LaTeX Font Info:    Overwriting math alphabet `\mathit' in version `bold'
(Font)                  OT1/cmr/bx/it --> OT1/lmr/bx/it on input line 37.
LaTeX Font Info:    Overwriting math alphabet `\mathtt' in version `bold'
(Font)                  OT1/cmtt/m/n --> OT1/lmtt/m/n on input line 38.
)
("C:\Program Files\MiKTeX 2.9\tex/latex/amsfonts\amssymb.sty"
Package: amssymb 2013/01/14 v3.01 AMS font symbols

("C:\Program Files\MiKTeX 2.9\tex/latex/amsfonts\amsfonts.sty"
Package: amsfonts 2013/01/14 v3.01 Basic AMSFonts support
\@emptytoks=\toks14
\symAMSa=\mathgroup4
\symAMSb=\mathgroup5
LaTeX Font Info:    Redeclaring math symbol \hbar on input line 98.
LaTeX Font Info:    Overwriting math alphabet `\mathfrak' in version `bold'
(Font)                  U/euf/m/n --> U/euf/b/n on input line 106.
))
("C:\Program Files\MiKTeX 2.9\tex/latex/amsmath\amsmath.sty"
Package: amsmath 2019/04/01 v2.17c AMS math features
\@mathmargin=\skip43

For additional information on amsmath, use the `?' option.
("C:\Program Files\MiKTeX 2.9\tex/latex/amsmath\amstext.sty"
Package: amstext 2000/06/29 v2.01 AMS text

("C:\Program Files\MiKTeX 2.9\tex/latex/amsmath\amsgen.sty"
File: amsgen.sty 1999/11/30 v2.0 generic functions
\@emptytoks=\toks15
\ex@=\dimen103
))
("C:\Program Files\MiKTeX 2.9\tex/latex/amsmath\amsbsy.sty"
Package: amsbsy 1999/11/29 v1.2d Bold Symbols
\pmbraise@=\dimen104
)
("C:\Program Files\MiKTeX 2.9\tex/latex/amsmath\amsopn.sty"
Package: amsopn 2016/03/08 v2.02 operator names
)
\inf@bad=\count88
LaTeX Info: Redefining \frac on input line 227.
\uproot@=\count89
\leftroot@=\count90
LaTeX Info: Redefining \overline on input line 389.
\classnum@=\count91
\DOTSCASE@=\count92
LaTeX Info: Redefining \ldots on input line 486.
LaTeX Info: Redefining \dots on input line 489.
LaTeX Info: Redefining \cdots on input line 610.
\Mathstrutbox@=\box27
\strutbox@=\box28
\big@size=\dimen105
LaTeX Font Info:    Redeclaring font encoding OML on input line 733.
LaTeX Font Info:    Redeclaring font encoding OMS on input line 734.
\macc@depth=\count93
\c@MaxMatrixCols=\count94
\dotsspace@=\muskip10
\c@parentequation=\count95
\dspbrk@lvl=\count96
\tag@help=\toks16
\row@=\count97
\column@=\count98
\maxfields@=\count99
\andhelp@=\toks17
\eqnshift@=\dimen106
\alignsep@=\dimen107
\tagshift@=\dimen108
\tagwidth@=\dimen109
\totwidth@=\dimen110
\lineht@=\dimen111
\@envbody=\toks18
\multlinegap=\skip44
\multlinetaggap=\skip45
\mathdisplay@stack=\toks19
LaTeX Info: Redefining \[ on input line 2855.
LaTeX Info: Redefining \] on input line 2856.
)
(C:\Users\usuario\AppData\Roaming\MiKTeX\2.9\tex/generic/iftex\ifxetex.sty
Package: ifxetex 2019/10/25 v0.7 ifxetex legacy package. Use iftex instead.

(C:\Users\usuario\AppData\Roaming\MiKTeX\2.9\tex/generic/iftex\iftex.sty
Package: iftex 2019/10/24 v1.0a TeX engine tests
))
(C:\Users\usuario\AppData\Roaming\MiKTeX\2.9\tex/generic/iftex\ifluatex.sty
Package: ifluatex 2019/10/25 v1.5 ifluatex legacy package. Use iftex instead.
)
("C:\Program Files\MiKTeX 2.9\tex/latex/base\fixltx2e.sty"
Package: fixltx2e 2016/12/29 v2.1a fixes to LaTeX (obsolete)
Applying: [2015/01/01] Old fixltx2e package on input line 46.


Package fixltx2e Warning: fixltx2e is not required with releases after 2015
(fixltx2e)                All fixes are now in the LaTeX kernel.
(fixltx2e)                See the latexrelease package for details.

Already applied: [0000/00/00] Old fixltx2e package on input line 53.
) ("C:\Program Files\MiKTeX 2.9\tex/latex/base\fontenc.sty"
Package: fontenc 2018/08/11 v2.0j Standard LaTeX package

("C:\Program Files\MiKTeX 2.9\tex/latex/base\t1enc.def"
File: t1enc.def 2018/08/11 v2.0j Standard LaTeX file
LaTeX Font Info:    Redeclaring font encoding T1 on input line 48.
))
("C:\Program Files\MiKTeX 2.9\tex/latex/base\inputenc.sty"
Package: inputenc 2018/08/11 v1.3c Input encoding file
\inpenc@prehook=\toks20
\inpenc@posthook=\toks21
)
(C:\Users\usuario\AppData\Roaming\MiKTeX\2.9\tex/latex/upquote\upquote.sty
Package: upquote 2012/04/19 v1.3 upright-quote and grave-accent glyphs in verba
tim

("C:\Program Files\MiKTeX 2.9\tex/latex/base\textcomp.sty"
Package: textcomp 2018/08/11 v2.0j Standard LaTeX package
Package textcomp Info: Sub-encoding information:
(textcomp)               5 = only ISO-Adobe without \textcurrency
(textcomp)               4 = 5 + \texteuro
(textcomp)               3 = 4 + \textohm
(textcomp)               2 = 3 + \textestimated + \textcurrency
(textcomp)               1 = TS1 - \textcircled - \t
(textcomp)               0 = TS1 (full)
(textcomp)             Font families with sub-encoding setting implement
(textcomp)             only a restricted character set as indicated.
(textcomp)             Family '?' is the default used for unknown fonts.
(textcomp)             See the documentation for details.
Package textcomp Info: Setting ? sub-encoding to TS1/1 on input line 79.

("C:\Program Files\MiKTeX 2.9\tex/latex/base\ts1enc.def"
File: ts1enc.def 2001/06/05 v3.0e (jk/car/fm) Standard LaTeX file
Now handling font encoding TS1 ...
... processing UTF-8 mapping file for font encoding TS1

("C:\Program Files\MiKTeX 2.9\tex/latex/base\ts1enc.dfu"
File: ts1enc.dfu 2019/07/11 v1.2j UTF-8 support for inputenc
   defining Unicode char U+00A2 (decimal 162)
   defining Unicode char U+00A3 (decimal 163)
   defining Unicode char U+00A4 (decimal 164)
   defining Unicode char U+00A5 (decimal 165)
   defining Unicode char U+00A6 (decimal 166)
   defining Unicode char U+00A7 (decimal 167)
   defining Unicode char U+00A8 (decimal 168)
   defining Unicode char U+00A9 (decimal 169)
   defining Unicode char U+00AA (decimal 170)
   defining Unicode char U+00AC (decimal 172)
   defining Unicode char U+00AE (decimal 174)
   defining Unicode char U+00AF (decimal 175)
   defining Unicode char U+00B0 (decimal 176)
   defining Unicode char U+00B1 (decimal 177)
   defining Unicode char U+00B2 (decimal 178)
   defining Unicode char U+00B3 (decimal 179)
   defining Unicode char U+00B4 (decimal 180)
   defining Unicode char U+00B5 (decimal 181)
   defining Unicode char U+00B6 (decimal 182)
   defining Unicode char U+00B7 (decimal 183)
   defining Unicode char U+00B9 (decimal 185)
   defining Unicode char U+00BA (decimal 186)
   defining Unicode char U+00BC (decimal 188)
   defining Unicode char U+00BD (decimal 189)
   defining Unicode char U+00BE (decimal 190)
   defining Unicode char U+00D7 (decimal 215)
   defining Unicode char U+00F7 (decimal 247)
   defining Unicode char U+0192 (decimal 402)
   defining Unicode char U+02C7 (decimal 711)
   defining Unicode char U+02D8 (decimal 728)
   defining Unicode char U+02DD (decimal 733)
   defining Unicode char U+0E3F (decimal 3647)
   defining Unicode char U+2016 (decimal 8214)
   defining Unicode char U+2020 (decimal 8224)
   defining Unicode char U+2021 (decimal 8225)
   defining Unicode char U+2022 (decimal 8226)
   defining Unicode char U+2030 (decimal 8240)
   defining Unicode char U+2031 (decimal 8241)
   defining Unicode char U+203B (decimal 8251)
   defining Unicode char U+203D (decimal 8253)
   defining Unicode char U+2044 (decimal 8260)
   defining Unicode char U+204E (decimal 8270)
   defining Unicode char U+2052 (decimal 8274)
   defining Unicode char U+20A1 (decimal 8353)
   defining Unicode char U+20A4 (decimal 8356)
   defining Unicode char U+20A6 (decimal 8358)
   defining Unicode char U+20A9 (decimal 8361)
   defining Unicode char U+20AB (decimal 8363)
   defining Unicode char U+20AC (decimal 8364)
   defining Unicode char U+20B1 (decimal 8369)
   defining Unicode char U+2103 (decimal 8451)
   defining Unicode char U+2116 (decimal 8470)
   defining Unicode char U+2117 (decimal 8471)
   defining Unicode char U+211E (decimal 8478)
   defining Unicode char U+2120 (decimal 8480)
   defining Unicode char U+2122 (decimal 8482)
   defining Unicode char U+2126 (decimal 8486)
   defining Unicode char U+2127 (decimal 8487)
   defining Unicode char U+212E (decimal 8494)
   defining Unicode char U+2190 (decimal 8592)
   defining Unicode char U+2191 (decimal 8593)
   defining Unicode char U+2192 (decimal 8594)
   defining Unicode char U+2193 (decimal 8595)
   defining Unicode char U+2329 (decimal 9001)
   defining Unicode char U+232A (decimal 9002)
   defining Unicode char U+2422 (decimal 9250)
   defining Unicode char U+25E6 (decimal 9702)
   defining Unicode char U+25EF (decimal 9711)
   defining Unicode char U+266A (decimal 9834)
   defining Unicode char U+27E8 (decimal 10216)
   defining Unicode char U+27E9 (decimal 10217)
   defining Unicode char U+FEFF (decimal 65279)
))
LaTeX Info: Redefining \oldstylenums on input line 334.
Package textcomp Info: Setting cmr sub-encoding to TS1/0 on input line 349.
Package textcomp Info: Setting cmss sub-encoding to TS1/0 on input line 350.
Package textcomp Info: Setting cmtt sub-encoding to TS1/0 on input line 351.
Package textcomp Info: Setting cmvtt sub-encoding to TS1/0 on input line 352.
Package textcomp Info: Setting cmbr sub-encoding to TS1/0 on input line 353.
Package textcomp Info: Setting cmtl sub-encoding to TS1/0 on input line 354.
Package textcomp Info: Setting ccr sub-encoding to TS1/0 on input line 355.
Package textcomp Info: Setting ptm sub-encoding to TS1/4 on input line 356.
Package textcomp Info: Setting pcr sub-encoding to TS1/4 on input line 357.
Package textcomp Info: Setting phv sub-encoding to TS1/4 on input line 358.
Package textcomp Info: Setting ppl sub-encoding to TS1/3 on input line 359.
Package textcomp Info: Setting pag sub-encoding to TS1/4 on input line 360.
Package textcomp Info: Setting pbk sub-encoding to TS1/4 on input line 361.
Package textcomp Info: Setting pnc sub-encoding to TS1/4 on input line 362.
Package textcomp Info: Setting pzc sub-encoding to TS1/4 on input line 363.
Package textcomp Info: Setting bch sub-encoding to TS1/4 on input line 364.
Package textcomp Info: Setting put sub-encoding to TS1/5 on input line 365.
Package textcomp Info: Setting uag sub-encoding to TS1/5 on input line 366.
Package textcomp Info: Setting ugq sub-encoding to TS1/5 on input line 367.
Package textcomp Info: Setting ul8 sub-encoding to TS1/4 on input line 368.
Package textcomp Info: Setting ul9 sub-encoding to TS1/4 on input line 369.
Package textcomp Info: Setting augie sub-encoding to TS1/5 on input line 370.
Package textcomp Info: Setting dayrom sub-encoding to TS1/3 on input line 371.
Package textcomp Info: Setting dayroms sub-encoding to TS1/3 on input line 372.

Package textcomp Info: Setting pxr sub-encoding to TS1/0 on input line 373.
Package textcomp Info: Setting pxss sub-encoding to TS1/0 on input line 374.
Package textcomp Info: Setting pxtt sub-encoding to TS1/0 on input line 375.
Package textcomp Info: Setting txr sub-encoding to TS1/0 on input line 376.
Package textcomp Info: Setting txss sub-encoding to TS1/0 on input line 377.
Package textcomp Info: Setting txtt sub-encoding to TS1/0 on input line 378.
Package textcomp Info: Setting lmr sub-encoding to TS1/0 on input line 379.
Package textcomp Info: Setting lmdh sub-encoding to TS1/0 on input line 380.
Package textcomp Info: Setting lmss sub-encoding to TS1/0 on input line 381.
Package textcomp Info: Setting lmssq sub-encoding to TS1/0 on input line 382.
Package textcomp Info: Setting lmvtt sub-encoding to TS1/0 on input line 383.
Package textcomp Info: Setting lmtt sub-encoding to TS1/0 on input line 384.
Package textcomp Info: Setting qhv sub-encoding to TS1/0 on input line 385.
Package textcomp Info: Setting qag sub-encoding to TS1/0 on input line 386.
Package textcomp Info: Setting qbk sub-encoding to TS1/0 on input line 387.
Package textcomp Info: Setting qcr sub-encoding to TS1/0 on input line 388.
Package textcomp Info: Setting qcs sub-encoding to TS1/0 on input line 389.
Package textcomp Info: Setting qpl sub-encoding to TS1/0 on input line 390.
Package textcomp Info: Setting qtm sub-encoding to TS1/0 on input line 391.
Package textcomp Info: Setting qzc sub-encoding to TS1/0 on input line 392.
Package textcomp Info: Setting qhvc sub-encoding to TS1/0 on input line 393.
Package textcomp Info: Setting futs sub-encoding to TS1/4 on input line 394.
Package textcomp Info: Setting futx sub-encoding to TS1/4 on input line 395.
Package textcomp Info: Setting futj sub-encoding to TS1/4 on input line 396.
Package textcomp Info: Setting hlh sub-encoding to TS1/3 on input line 397.
Package textcomp Info: Setting hls sub-encoding to TS1/3 on input line 398.
Package textcomp Info: Setting hlst sub-encoding to TS1/3 on input line 399.
Package textcomp Info: Setting hlct sub-encoding to TS1/5 on input line 400.
Package textcomp Info: Setting hlx sub-encoding to TS1/5 on input line 401.
Package textcomp Info: Setting hlce sub-encoding to TS1/5 on input line 402.
Package textcomp Info: Setting hlcn sub-encoding to TS1/5 on input line 403.
Package textcomp Info: Setting hlcw sub-encoding to TS1/5 on input line 404.
Package textcomp Info: Setting hlcf sub-encoding to TS1/5 on input line 405.
Package textcomp Info: Setting pplx sub-encoding to TS1/3 on input line 406.
Package textcomp Info: Setting pplj sub-encoding to TS1/3 on input line 407.
Package textcomp Info: Setting ptmx sub-encoding to TS1/4 on input line 408.
Package textcomp Info: Setting ptmj sub-encoding to TS1/4 on input line 409.
))
(C:\Users\usuario\AppData\Roaming\MiKTeX\2.9\tex/latex/microtype\microtype.sty
Package: microtype 2019/10/10 v2.7c Micro-typographical refinements (RS)

("C:\Program Files\MiKTeX 2.9\tex/latex/graphics\keyval.sty"
Package: keyval 2014/10/28 v1.15 key=value parser (DPC)
\KV@toks@=\toks22
)
\MT@toks=\toks23
\MT@count=\count100
LaTeX Info: Redefining \textls on input line 790.
\MT@outer@kern=\dimen112
LaTeX Info: Redefining \textmicrotypecontext on input line 1347.
\MT@listname@count=\count101

(C:\Users\usuario\AppData\Roaming\MiKTeX\2.9\tex/latex/microtype\microtype-pdft
ex.def
File: microtype-pdftex.def 2019/10/10 v2.7c Definitions specific to pdftex (RS)

LaTeX Info: Redefining \lsstyle on input line 914.
LaTeX Info: Redefining \lslig on input line 914.
\MT@outer@space=\skip46
)
Package microtype Info: Loading configuration file microtype.cfg.

(C:\Users\usuario\AppData\Roaming\MiKTeX\2.9\tex/latex/microtype\microtype.cfg
File: microtype.cfg 2019/10/10 v2.7c microtype main configuration file (RS)
)) ("C:\Program Files\MiKTeX 2.9\tex/latex/geometry\geometry.sty"
Package: geometry 2018/04/16 v5.8 Page Geometry

(C:\Users\usuario\AppData\Roaming\MiKTeX\2.9\tex/generic/iftex\ifpdf.sty
Package: ifpdf 2019/10/25 v3.4 ifpdf legacy package. Use iftex instead.
)
(C:\Users\usuario\AppData\Roaming\MiKTeX\2.9\tex/generic/iftex\ifvtex.sty
Package: ifvtex 2019/10/25 v1.7 ifvtex legacy package. Use iftex instead.
)
\Gm@cnth=\count102
\Gm@cntv=\count103
\c@Gm@tempcnt=\count104
\Gm@bindingoffset=\dimen113
\Gm@wd@mp=\dimen114
\Gm@odd@mp=\dimen115
\Gm@even@mp=\dimen116
\Gm@layoutwidth=\dimen117
\Gm@layoutheight=\dimen118
\Gm@layouthoffset=\dimen119
\Gm@layoutvoffset=\dimen120
\Gm@dimlist=\toks24

("C:\Program Files\MiKTeX 2.9\tex/latex/geometry\geometry.cfg"))
("C:\Program Files\MiKTeX 2.9\tex/latex/hyperref\hyperref.sty"
Package: hyperref 2019/09/28 v7.00a Hypertext links for LaTeX

("C:\Program Files\MiKTeX 2.9\tex/generic/oberdiek\hobsub-hyperref.sty"
Package: hobsub-hyperref 2019/10/27
hobsub not currently supported, see hobsub.dtx to extract original code

("C:\Program Files\MiKTeX 2.9\tex/generic/oberdiek\ltxcmds.sty"
Package: ltxcmds 2016/05/16 v1.23 LaTeX kernel commands for general use (HO)
)
("C:\Program Files\MiKTeX 2.9\tex/generic/oberdiek\pdftexcmds.sty"
Package: pdftexcmds 2019/07/25 v0.30 Utility functions of pdfTeX for LuaTeX (HO
)

("C:\Program Files\MiKTeX 2.9\tex/generic/oberdiek\infwarerr.sty"
Package: infwarerr 2016/05/16 v1.4 Providing info/warning/error messages (HO)
)
Package pdftexcmds Info: LuaTeX not detected.
Package pdftexcmds Info: \pdf@primitive is available.
Package pdftexcmds Info: \pdf@ifprimitive is available.
Package pdftexcmds Info: \pdfdraftmode found.
)
("C:\Program Files\MiKTeX 2.9\tex/generic/oberdiek\kvsetkeys.sty"
Package: kvsetkeys 2016/05/16 v1.17 Key value parser (HO)

("C:\Program Files\MiKTeX 2.9\tex/generic/oberdiek\etexcmds.sty"
Package: etexcmds 2016/05/16 v1.6 Avoid name clashes with e-TeX commands (HO)
))
("C:\Program Files\MiKTeX 2.9\tex/generic/oberdiek\kvdefinekeys.sty"
Package: kvdefinekeys 2016/05/16 v1.4 Define keys (HO)
)
("C:\Program Files\MiKTeX 2.9\tex/generic/oberdiek\pdfescape.sty"
Package: pdfescape 2016/05/16 v1.14 Implements pdfTeX's escape features (HO)
)
("C:\Program Files\MiKTeX 2.9\tex/latex/oberdiek\hycolor.sty"
Package: hycolor 2016/05/16 v1.8 Color options for hyperref/bookmark (HO)

("C:\Program Files\MiKTeX 2.9\tex/latex/oberdiek\xcolor-patch.sty"
Package: xcolor-patch 2016/05/16 xcolor patch

("C:\Program Files\MiKTeX 2.9\tex/latex/oberdiek\hopatch.sty"
Package: hopatch 2016/05/16 v1.3 Wrapper for package hooks (HO)
)))
("C:\Program Files\MiKTeX 2.9\tex/latex/oberdiek\letltxmacro.sty"
Package: letltxmacro 2016/05/16 v1.5 Let assignment for LaTeX macros (HO)
))
("C:\Program Files\MiKTeX 2.9\tex/latex/oberdiek\auxhook.sty"
Package: auxhook 2016/05/16 v1.4 Hooks for auxiliary files (HO)
)
("C:\Program Files\MiKTeX 2.9\tex/latex/oberdiek\kvoptions.sty"
Package: kvoptions 2016/05/16 v3.12 Key value format for package options (HO)
)
\@linkdim=\dimen121
\Hy@linkcounter=\count105
\Hy@pagecounter=\count106

("C:\Program Files\MiKTeX 2.9\tex/latex/hyperref\pd1enc.def"
File: pd1enc.def 2019/09/28 v7.00a Hyperref: PDFDocEncoding definition (HO)
Now handling font encoding PD1 ...
... no UTF-8 mapping file for font encoding PD1
)
("C:\Program Files\MiKTeX 2.9\tex/generic/oberdiek\intcalc.sty"
Package: intcalc 2016/05/16 v1.2 Expandable calculations with integers (HO)
)
\Hy@SavedSpaceFactor=\count107

("C:\Program Files\MiKTeX 2.9\tex/latex/00miktex\hyperref.cfg"
File: hyperref.cfg 2002/06/06 v1.2 hyperref configuration of TeXLive
)
Package hyperref Info: Hyper figures OFF on input line 4540.
Package hyperref Info: Link nesting OFF on input line 4545.
Package hyperref Info: Hyper index ON on input line 4548.
Package hyperref Info: Plain pages OFF on input line 4555.
Package hyperref Info: Backreferencing OFF on input line 4560.
Package hyperref Info: Implicit mode ON; LaTeX internals redefined.
Package hyperref Info: Bookmarks ON on input line 4793.
\c@Hy@tempcnt=\count108

(C:\Users\usuario\AppData\Roaming\MiKTeX\2.9\tex/latex/url\url.sty
\Urlmuskip=\muskip11
Package: url 2013/09/16  ver 3.4  Verb mode for urls, etc.
)
LaTeX Info: Redefining \url on input line 5152.
\XeTeXLinkMargin=\dimen122

("C:\Program Files\MiKTeX 2.9\tex/generic/oberdiek\bitset.sty"
Package: bitset 2016/05/16 v1.2 Handle bit-vector datatype (HO)

("C:\Program Files\MiKTeX 2.9\tex/generic/oberdiek\bigintcalc.sty"
Package: bigintcalc 2016/05/16 v1.4 Expandable calculations on big integers (HO
)
))
\Fld@menulength=\count109
\Field@Width=\dimen123
\Fld@charsize=\dimen124
Package hyperref Info: Hyper figures OFF on input line 6423.
Package hyperref Info: Link nesting OFF on input line 6428.
Package hyperref Info: Hyper index ON on input line 6431.
Package hyperref Info: backreferencing OFF on input line 6438.
Package hyperref Info: Link coloring OFF on input line 6443.
Package hyperref Info: Link coloring with OCG OFF on input line 6448.
Package hyperref Info: PDF/A mode OFF on input line 6453.
LaTeX Info: Redefining \ref on input line 6493.
LaTeX Info: Redefining \pageref on input line 6497.

("C:\Program Files\MiKTeX 2.9\tex/generic/oberdiek\atbegshi.sty"
Package: atbegshi 2016/06/09 v1.18 At begin shipout hook (HO)
)
\Hy@abspage=\count110
\c@Item=\count111
\c@Hfootnote=\count112
)
Package hyperref Info: Driver (autodetected): hpdftex.

("C:\Program Files\MiKTeX 2.9\tex/latex/hyperref\hpdftex.def"
File: hpdftex.def 2019/09/28 v7.00a Hyperref driver for pdfTeX

("C:\Program Files\MiKTeX 2.9\tex/latex/oberdiek\atveryend.sty"
Package: atveryend 2016/05/16 v1.9 Hooks at the very end of document (HO)
Package atveryend Info: \enddocument detected (standard20110627).
)
\Fld@listcount=\count113
\c@bookmark@seq@number=\count114

("C:\Program Files\MiKTeX 2.9\tex/latex/oberdiek\rerunfilecheck.sty"
Package: rerunfilecheck 2016/05/16 v1.8 Rerun checks for auxiliary files (HO)

("C:\Program Files\MiKTeX 2.9\tex/generic/oberdiek\uniquecounter.sty"
Package: uniquecounter 2016/05/16 v1.3 Provide unlimited unique counter (HO)
)
Package uniquecounter Info: New unique counter `rerunfilecheck' on input line 2
82.
)
\Hy@SectionHShift=\skip47
)
Package hyperref Info: Option `unicode' set `true' on input line 30.

("C:\Program Files\MiKTeX 2.9\tex/latex/hyperref\puenc.def"
File: puenc.def 2019/09/28 v7.00a Hyperref: PDF Unicode definition (HO)
Now handling font encoding PU ...
... no UTF-8 mapping file for font encoding PU
)
Package hyperref Info: Option `breaklinks' set `true' on input line 30.

("C:\Program Files\MiKTeX 2.9\tex/latex/graphics\graphicx.sty"
Package: graphicx 2017/06/01 v1.1a Enhanced LaTeX Graphics (DPC,SPQR)

("C:\Program Files\MiKTeX 2.9\tex/latex/graphics\graphics.sty"
Package: graphics 2019/10/08 v1.3c Standard LaTeX Graphics (DPC,SPQR)

("C:\Program Files\MiKTeX 2.9\tex/latex/graphics\trig.sty"
Package: trig 2016/01/03 v1.10 sin cos tan (DPC)
)
("C:\Program Files\MiKTeX 2.9\tex/latex/graphics-cfg\graphics.cfg"
File: graphics.cfg 2016/06/04 v1.11 sample graphics configuration
)
Package graphics Info: Driver file: pdftex.def on input line 105.

("C:\Program Files\MiKTeX 2.9\tex/latex/graphics-def\pdftex.def"
File: pdftex.def 2018/01/08 v1.0l Graphics/color driver for pdftex
))
\Gin@req@height=\dimen125
\Gin@req@width=\dimen126
)
("C:\Program Files\MiKTeX 2.9\tex/latex/oberdiek\grffile.sty"
Package: grffile 2017/06/30 v1.18 Extended file name support for graphics (HO)
Package grffile Info: Option `multidot' is set to `true'.
Package grffile Info: Option `extendedchars' is set to `false'.
Package grffile Info: Option `space' is set to `true'.
Package grffile Info: \Gin@ii of package `graphicx' fixed on input line 494.
)
(C:\Users\usuario\AppData\Roaming\MiKTeX\2.9\tex/latex/parskip\parskip.sty
Package: parskip 2019-01-16 v2.0c non-zero parskip adjustments

(C:\Users\usuario\AppData\Roaming\MiKTeX\2.9\tex/latex/etoolbox\etoolbox.sty
Package: etoolbox 2019/09/21 v2.5h e-TeX tools for LaTeX (JAW)
\etb@tempcnta=\count115
))
(C:\Users\usuario\AppData\Roaming\MiKTeX\2.9\tex/latex/titling\titling.sty
Package: titling 2009/09/04 v2.1d maketitle typesetting
\thanksmarkwidth=\skip48
\thanksmargin=\skip49
\droptitle=\skip50
)
(Clase-4.aux)
\openout1 = `Clase-4.aux'.

LaTeX Font Info:    Checking defaults for OML/cmm/m/it on input line 88.
LaTeX Font Info:    ... okay on input line 88.
LaTeX Font Info:    Checking defaults for T1/cmr/m/n on input line 88.
LaTeX Font Info:    ... okay on input line 88.
LaTeX Font Info:    Checking defaults for OT1/cmr/m/n on input line 88.
LaTeX Font Info:    ... okay on input line 88.
LaTeX Font Info:    Checking defaults for OMS/cmsy/m/n on input line 88.
LaTeX Font Info:    ... okay on input line 88.
LaTeX Font Info:    Checking defaults for OMX/cmex/m/n on input line 88.
LaTeX Font Info:    ... okay on input line 88.
LaTeX Font Info:    Checking defaults for U/cmr/m/n on input line 88.
LaTeX Font Info:    ... okay on input line 88.
LaTeX Font Info:    Checking defaults for TS1/cmr/m/n on input line 88.
LaTeX Font Info:    Trying to load font information for TS1+cmr on input line 8
8.
 ("C:\Program Files\MiKTeX 2.9\tex/latex/base\ts1cmr.fd"
File: ts1cmr.fd 2014/09/29 v2.5h Standard LaTeX font definitions
)
LaTeX Font Info:    ... okay on input line 88.
LaTeX Font Info:    Checking defaults for PD1/pdf/m/n on input line 88.
LaTeX Font Info:    ... okay on input line 88.
LaTeX Font Info:    Checking defaults for PU/pdf/m/n on input line 88.
LaTeX Font Info:    ... okay on input line 88.
LaTeX Font Info:    Trying to load font information for T1+lmr on input line 88
.

("C:\Program Files\MiKTeX 2.9\tex/latex/lm\t1lmr.fd"
File: t1lmr.fd 2009/10/30 v1.6 Font defs for Latin Modern
)
LaTeX Info: Redefining \microtypecontext on input line 88.
Package microtype Info: Generating PDF output.
Package microtype Info: Character protrusion enabled (level 2).
Package microtype Info: Using protrusion set `basicmath'.
Package microtype Info: Automatic font expansion enabled (level 2),
(microtype)             stretch: 20, shrink: 20, step: 1, non-selected.
Package microtype Info: Using default expansion set `basictext'.
LaTeX Info: Redefining \showhyphens on input line 88.
Package microtype Info: No adjustment of tracking.
Package microtype Info: No adjustment of interword spacing.
Package microtype Info: No adjustment of character kerning.

(C:\Users\usuario\AppData\Roaming\MiKTeX\2.9\tex/latex/microtype\mt-cmr.cfg
File: mt-cmr.cfg 2013/05/19 v2.2 microtype config. file: Computer Modern Roman 
(RS)
)
*geometry* driver: auto-detecting
*geometry* detected driver: pdftex
*geometry* verbose mode - [ preamble ] result:
* driver: pdftex
* paper: <default>
* layout: <same size as paper>
* layoutoffset:(h,v)=(0.0pt,0.0pt)
* modes: 
* h-part:(L,W,R)=(72.26999pt, 469.75502pt, 72.26999pt)
* v-part:(T,H,B)=(72.26999pt, 650.43001pt, 72.26999pt)
* \paperwidth=614.295pt
* \paperheight=794.96999pt
* \textwidth=469.75502pt
* \textheight=650.43001pt
* \oddsidemargin=0.0pt
* \evensidemargin=0.0pt
* \topmargin=-37.0pt
* \headheight=12.0pt
* \headsep=25.0pt
* \topskip=10.0pt
* \footskip=30.0pt
* \marginparwidth=65.0pt
* \marginparsep=11.0pt
* \columnsep=10.0pt
* \skip\footins=9.0pt plus 4.0pt minus 2.0pt
* \hoffset=0.0pt
* \voffset=0.0pt
* \mag=1000
* \@twocolumnfalse
* \@twosidefalse
* \@mparswitchfalse
* \@reversemarginfalse
* (1in=72.27pt=25.4mm, 1cm=28.453pt)

\AtBeginShipoutBox=\box29
Package hyperref Info: Link coloring OFF on input line 88.
("C:\Program Files\MiKTeX 2.9\tex/latex/hyperref\nameref.sty"
Package: nameref 2019/09/16 v2.46 Cross-referencing by name of section

("C:\Program Files\MiKTeX 2.9\tex/latex/oberdiek\refcount.sty"
Package: refcount 2016/05/16 v3.5 Data extraction from label references (HO)
)
("C:\Program Files\MiKTeX 2.9\tex/generic/oberdiek\gettitlestring.sty"
Package: gettitlestring 2016/05/16 v1.5 Cleanup title references (HO)
)
\c@section@level=\count116
)
LaTeX Info: Redefining \ref on input line 88.
LaTeX Info: Redefining \pageref on input line 88.
LaTeX Info: Redefining \nameref on input line 88.

(Clase-4.out) (Clase-4.out)
\@outlinefile=\write3
\openout3 = `Clase-4.out'.


(C:\Users\usuario\AppData\Roaming\MiKTeX\2.9\tex/context/base/mkii\supp-pdf.mki
i
[Loading MPS to PDF converter (version 2006.09.02).]
\scratchcounter=\count117
\scratchdimen=\dimen127
\scratchbox=\box30
\nofMPsegments=\count118
\nofMParguments=\count119
\everyMPshowfont=\toks25
\MPscratchCnt=\count120
\MPscratchDim=\dimen128
\MPnumerator=\count121
\makeMPintoPDFobject=\count122
\everyMPtoPDFconversion=\toks26
) ("C:\Program Files\MiKTeX 2.9\tex/latex/oberdiek\epstopdf-base.sty"
Package: epstopdf-base 2016/05/15 v2.6 Base part for package epstopdf

("C:\Program Files\MiKTeX 2.9\tex/latex/oberdiek\grfext.sty"
Package: grfext 2016/05/16 v1.2 Manage graphics extensions (HO)
)
Package epstopdf-base Info: Redefining graphics rule for `.eps' on input line 4
38.
Package grfext Info: Graphics extension search list:
(grfext)             [.pdf,.png,.jpg,.mps,.jpeg,.jbig2,.jb2,.PDF,.PNG,.JPG,.JPE
G,.JBIG2,.JB2,.eps]
(grfext)             \AppendGraphicsExtensions on input line 456.
)
LaTeX Font Info:    Trying to load font information for OT1+lmr on input line 9
6.

("C:\Program Files\MiKTeX 2.9\tex/latex/lm\ot1lmr.fd"
File: ot1lmr.fd 2009/10/30 v1.6 Font defs for Latin Modern
)
LaTeX Font Info:    Trying to load font information for OML+lmm on input line 9
6.

("C:\Program Files\MiKTeX 2.9\tex/latex/lm\omllmm.fd"
File: omllmm.fd 2009/10/30 v1.6 Font defs for Latin Modern
)
LaTeX Font Info:    Trying to load font information for OMS+lmsy on input line 
96.

("C:\Program Files\MiKTeX 2.9\tex/latex/lm\omslmsy.fd"
File: omslmsy.fd 2009/10/30 v1.6 Font defs for Latin Modern
)
LaTeX Font Info:    Trying to load font information for OMX+lmex on input line 
96.

("C:\Program Files\MiKTeX 2.9\tex/latex/lm\omxlmex.fd"
File: omxlmex.fd 2009/10/30 v1.6 Font defs for Latin Modern
)
LaTeX Font Info:    External font `lmex10' loaded for size
(Font)              <10> on input line 96.
LaTeX Font Info:    External font `lmex10' loaded for size
(Font)              <7> on input line 96.
LaTeX Font Info:    External font `lmex10' loaded for size
(Font)              <5> on input line 96.
LaTeX Font Info:    Trying to load font information for U+msa on input line 96.


("C:\Program Files\MiKTeX 2.9\tex/latex/amsfonts\umsa.fd"
File: umsa.fd 2013/01/14 v3.01 AMS symbols A
)
(C:\Users\usuario\AppData\Roaming\MiKTeX\2.9\tex/latex/microtype\mt-msa.cfg
File: mt-msa.cfg 2006/02/04 v1.1 microtype config. file: AMS symbols (a) (RS)
)
LaTeX Font Info:    Trying to load font information for U+msb on input line 96.


("C:\Program Files\MiKTeX 2.9\tex/latex/amsfonts\umsb.fd"
File: umsb.fd 2013/01/14 v3.01 AMS symbols B
)
(C:\Users\usuario\AppData\Roaming\MiKTeX\2.9\tex/latex/microtype\mt-msb.cfg
File: mt-msb.cfg 2005/06/01 v1.0 microtype config. file: AMS symbols (b) (RS)
)
LaTeX Font Info:    Trying to load font information for T1+lmtt on input line 1
15.

("C:\Program Files\MiKTeX 2.9\tex/latex/lm\t1lmtt.fd"
File: t1lmtt.fd 2009/10/30 v1.6 Font defs for Latin Modern
) [1

{C:/Users/usuario/AppData/Local/MiKTeX/2.9/pdftex/config/pdftex.map}pdfTeX warn
ing (ext4): destination with the same identifier (name{left}) has been already 
used, duplicate ignored

\AtBegShi@Output ...ipout \box \AtBeginShipoutBox 
                                                  \fi \fi 
l.165 \end{verbatim}
                    ]pdfTeX warning (ext4): destination with the same identifie
r (name{right}) has been already used, duplicate ignored
<to be read again> 
                   \relax 
l.167 \hypertarget{right}{}
                           pdfTeX warning (ext4): destination with the same ide
ntifier (name{left}) has been already used, duplicate ignored
<to be read again> 
                   \relax 
l.179 \hypertarget{left}{}
                          
<"Clase-4_files/figure-latex/""unnamed-chunk-3-1".pdf, id=223, 469.755pt x 325.
215pt>
File: "Clase-4_files/figure-latex/""unnamed-chunk-3-1".pdf Graphic file (type p
df)
<use "Clase-4_files/figure-latex/""unnamed-chunk-3-1".pdf>
Package pdftex.def Info: "Clase-4_files/figure-latex/""unnamed-chunk-3-1".pdf  
used on input line 180.
(pdftex.def)             Requested size: 469.75386pt x 325.2142pt.
pdfTeX warning (ext4): destination with the same identifier (name{right}) has b
een already used, duplicate ignored
<to be read again> 
                   \relax 
l.182 \hypertarget{right}{}
                           

LaTeX Warning: Command \textemdash invalid in math mode on input line 201.

[2 <./Clase-4_files/figure-latex/unnamed-chunk-3-1.pdf>]pdfTeX warning (ext4): 
destination with the same identifier (name{left}) has been already used, duplic
ate ignored
<to be read again> 
                   \relax 
l.227 \hypertarget{left}{}
                          pdfTeX warning (ext4): destination with the same iden
tifier (name{right}) has been already used, duplicate ignored
<to be read again> 
                   \relax 
l.242 \hypertarget{right}{}
                           pdfTeX warning (ext4): destination with the same ide
ntifier (name{left}) has been already used, duplicate ignored
<to be read again> 
                   \relax 
l.254 \hypertarget{left}{}
                          pdfTeX warning (ext4): destination with the same iden
tifier (name{right}) has been already used, duplicate ignored
<to be read again> 
                   \relax 
l.277 \hypertarget{right}{}
                            [3]pdfTeX warning (ext4): destination with the same
 identifier (name{left}) has been already used, duplicate ignored
<to be read again> 
                   \relax 
l.289 \hypertarget{left}{}
                          pdfTeX warning (ext4): destination with the same iden
tifier (name{right}) has been already used, duplicate ignored
<to be read again> 
                   \relax 
l.303 \hypertarget{right}{}
                           pdfTeX warning (ext4): destination with the same ide
ntifier (name{left}) has been already used, duplicate ignored
<to be read again> 
                   \relax 
l.315 \hypertarget{left}{}
                          
<"Clase-4_files/figure-latex/""unnamed-chunk-8-1".pdf, id=245, 469.755pt x 325.
215pt>
File: "Clase-4_files/figure-latex/""unnamed-chunk-8-1".pdf Graphic file (type p
df)
<use "Clase-4_files/figure-latex/""unnamed-chunk-8-1".pdf>
Package pdftex.def Info: "Clase-4_files/figure-latex/""unnamed-chunk-8-1".pdf  
used on input line 316.
(pdftex.def)             Requested size: 469.75386pt x 325.2142pt.
pdfTeX warning (ext4): destination with the same identifier (name{right}) has b
een already used, duplicate ignored
<to be read again> 
                   \relax 
l.318 \hypertarget{right}{}
                            [4 <./Clase-4_files/figure-latex/unnamed-chunk-8-1.
pdf>]pdfTeX warning (ext4): destination with the same identifier (name{left}) h
as been already used, duplicate ignored
<to be read again> 
                   \relax 
l.355 \hypertarget{left}{}
                          
<"images/""stress".jpg, id=257, 499.11469pt x 249.18094pt>
File: "images/""stress".jpg Graphic file (type jpg)
<use "images/""stress".jpg>
Package pdftex.def Info: "images/""stress".jpg  used on input line 356.
(pdftex.def)             Requested size: 469.7695pt x 234.53047pt.
pdfTeX warning (ext4): destination with the same identifier (name{right}) has b
een already used, duplicate ignored
<to be read again> 
                   \relax 
l.358 \hypertarget{right}{}
                            [5 <./images/stress.jpg>]pdfTeX warning (ext4): des
tination with the same identifier (name{left}) has been already used, duplicate
 ignored
<to be read again> 
                   \relax 
l.384 \hypertarget{left}{}
                          
<"images/""estimulos".jpg, id=263, 701.62125pt x 315.42844pt>
File: "images/""estimulos".jpg Graphic file (type jpg)
<use "images/""estimulos".jpg>
Package pdftex.def Info: "images/""estimulos".jpg  used on input line 385.
(pdftex.def)             Requested size: 469.76262pt x 211.19156pt.
pdfTeX warning (ext4): destination with the same identifier (name{right}) has b
een already used, duplicate ignored
<to be read again> 
                   \relax 
l.387 \hypertarget{right}{}
                           pdfTeX warning (ext4): destination with the same ide
ntifier (name{left}) has been already used, duplicate ignored
<to be read again> 
                   \relax 
l.419 \hypertarget{left}{}
                          pdfTeX warning (ext4): destination with the same iden
tifier (name{right}) has been already used, duplicate ignored
<to be read again> 
                   \relax 
l.441 \hypertarget{right}{}
                            [6 <./images/estimulos.jpg>]pdfTeX warning (ext4): 
destination with the same identifier (name{left}) has been already used, duplic
ate ignored
<to be read again> 
                   \relax 
l.454 \hypertarget{left}{}
                          
<"Clase-4_files/figure-latex/""unnamed-chunk-13-1".pdf, id=268, 469.755pt x 325
.215pt>
File: "Clase-4_files/figure-latex/""unnamed-chunk-13-1".pdf Graphic file (type 
pdf)
<use "Clase-4_files/figure-latex/""unnamed-chunk-13-1".pdf>
Package pdftex.def Info: "Clase-4_files/figure-latex/""unnamed-chunk-13-1".pdf 
 used on input line 459.
(pdftex.def)             Requested size: 469.75386pt x 325.2142pt.
<"Clase-4_files/figure-latex/""unnamed-chunk-14-1".pdf, id=269, 469.755pt x 325
.215pt>
File: "Clase-4_files/figure-latex/""unnamed-chunk-14-1".pdf Graphic file (type 
pdf)
<use "Clase-4_files/figure-latex/""unnamed-chunk-14-1".pdf>
Package pdftex.def Info: "Clase-4_files/figure-latex/""unnamed-chunk-14-1".pdf 
 used on input line 465.
(pdftex.def)             Requested size: 469.75386pt x 325.2142pt.
 [7 <./Clase-4_files/figure-latex/unnamed-chunk-13-1.pdf>]pdfTeX warning (ext4)
: destination with the same identifier (name{left}) has been already used, dupl
icate ignored
<to be read again> 
                   \relax 
l.470 \hypertarget{left}{}
                          pdfTeX warning (ext4): destination with the same iden
tifier (name{right}) has been already used, duplicate ignored
<to be read again> 
                   \relax 
l.479 \hypertarget{right}{}
                           pdfTeX warning (ext4): destination with the same ide
ntifier (name{left}) has been already used, duplicate ignored
<to be read again> 
                   \relax 
l.490 \hypertarget{left}{}
                          
<"Clase-4_files/figure-latex/""unnamed-chunk-16-1".pdf, id=281, 469.755pt x 325
.215pt>
File: "Clase-4_files/figure-latex/""unnamed-chunk-16-1".pdf Graphic file (type 
pdf)
<use "Clase-4_files/figure-latex/""unnamed-chunk-16-1".pdf>
Package pdftex.def Info: "Clase-4_files/figure-latex/""unnamed-chunk-16-1".pdf 
 used on input line 491.
(pdftex.def)             Requested size: 469.75386pt x 325.2142pt.
pdfTeX warning (ext4): destination with the same identifier (name{right}) has b
een already used, duplicate ignored
<to be read again> 
                   \relax 
l.493 \hypertarget{right}{}
                            [8 <./Clase-4_files/figure-latex/unnamed-chunk-14-1
.pdf>]
LaTeX Font Info:    Trying to load font information for TS1+lmr on input line 5
27.
 ("C:\Program Files\MiKTeX 2.9\tex/latex/lm\ts1lmr.fd"
File: ts1lmr.fd 2009/10/30 v1.6 Font defs for Latin Modern
) [9 <./Clase-4_files/figure-latex/unnamed-chunk-16-1.pdf>]pdfTeX warning (ext4
): destination with the same identifier (name{left}) has been already used, dup
licate ignored
<to be read again> 
                   \relax 
l.562 \hypertarget{left}{}
                          
<"images/""cuadro".jpg, id=303, 659.46375pt x 289.83281pt>
File: "images/""cuadro".jpg Graphic file (type jpg)
<use "images/""cuadro".jpg>
Package pdftex.def Info: "images/""cuadro".jpg  used on input line 563.
(pdftex.def)             Requested size: 469.77217pt x 206.46379pt.
pdfTeX warning (ext4): destination with the same identifier (name{right}) has b
een already used, duplicate ignored
<to be read again> 
                   \relax 
l.565 \hypertarget{right}{}
                           pdfTeX warning (ext4): destination with the same ide
ntifier (name{left}) has been already used, duplicate ignored
<to be read again> 
                   \relax 
l.579 \hypertarget{left}{}
                          
File: "images/""cuadro".jpg Graphic file (type jpg)
<use "images/""cuadro".jpg>
Package pdftex.def Info: "images/""cuadro".jpg  used on input line 580.
(pdftex.def)             Requested size: 469.77217pt x 206.46379pt.
pdfTeX warning (ext4): destination with the same identifier (name{right}) has b
een already used, duplicate ignored
<to be read again> 
                   \relax 
l.582 \hypertarget{right}{}
                           
<"images/""indi".jpg, id=304, 586.44093pt x 287.57437pt>
File: "images/""indi".jpg Graphic file (type jpg)
<use "images/""indi".jpg>
Package pdftex.def Info: "images/""indi".jpg  used on input line 583.
(pdftex.def)             Requested size: 469.75291pt x 230.3538pt.
 [10 <./images/cuadro.jpg>]pdfTeX warning (ext4): destination with the same ide
ntifier (name{left}) has been already used, duplicate ignored
<to be read again> 
                   \relax 
l.588 \hypertarget{left}{}
                          
File: "images/""cuadro".jpg Graphic file (type jpg)
<use "images/""cuadro".jpg>
Package pdftex.def Info: "images/""cuadro".jpg  used on input line 589.
(pdftex.def)             Requested size: 469.77217pt x 206.46379pt.
pdfTeX warning (ext4): destination with the same identifier (name{right}) has b
een already used, duplicate ignored
<to be read again> 
                   \relax 
l.591 \hypertarget{right}{}
                           
<"images/""geogra".jpg, id=309, 604.50844pt x 473.51906pt>
File: "images/""geogra".jpg Graphic file (type jpg)
<use "images/""geogra".jpg>
Package pdftex.def Info: "images/""geogra".jpg  used on input line 592.
(pdftex.def)             Requested size: 469.75288pt x 367.96333pt.
 [11 <./images/indi.jpg>]pdfTeX warning (ext4): destination with the same ident
ifier (name{left}) has been already used, duplicate ignored
<to be read again> 
                   \relax 
l.597 \hypertarget{left}{}
                          
File: "images/""cuadro".jpg Graphic file (type jpg)
<use "images/""cuadro".jpg>
Package pdftex.def Info: "images/""cuadro".jpg  used on input line 598.
(pdftex.def)             Requested size: 469.77217pt x 206.46379pt.
pdfTeX warning (ext4): destination with the same identifier (name{right}) has b
een already used, duplicate ignored
<to be read again> 
                   \relax 
l.600 \hypertarget{right}{}
                            [12 <./images/geogra.jpg>]pdfTeX warning (ext4): de
stination with the same identifier (name{left}) has been already used, duplicat
e ignored
<to be read again> 
                   \relax 
l.610 \hypertarget{left}{}
                          
Overfull \hbox (7.99359pt too wide) in paragraph at lines 621--621
[]\T1/lmtt/m/n/10 rownames(datos)<- c("Z1", "Z2", "Z3","Z4", "Z5", "Z6", "Z7", 
"Z8", "Z9", "Z10","Z11","Z12")[] 
 []

pdfTeX warning (ext4): destination with the same identifier (name{right}) has b
een already used, duplicate ignored
<to be read again> 
                   \relax 
l.623 \hypertarget{right}{}
                           pdfTeX warning (ext4): destination with the same ide
ntifier (name{left}) has been already used, duplicate ignored
<to be read again> 
                   \relax 
l.634 \hypertarget{left}{}
                          pdfTeX warning (ext4): destination with the same iden
tifier (name{right}) has been already used, duplicate ignored
<to be read again> 
                   \relax 
l.650 \hypertarget{right}{}
                            [13]pdfTeX warning (ext4): destination with the sam
e identifier (name{left}) has been already used, duplicate ignored
<to be read again> 
                   \relax 
l.665 \hypertarget{left}{}
                          
LaTeX Font Info:    Trying to load font information for TS1+lmtt on input line 
685.
 ("C:\Program Files\MiKTeX 2.9\tex/latex/lm\ts1lmtt.fd"
File: ts1lmtt.fd 2009/10/30 v1.6 Font defs for Latin Modern
)pdfTeX warning (ext4): destination with the same identifier (name{right}) has 
been already used, duplicate ignored
<to be read again> 
                   \relax 
l.687 \hypertarget{right}{}
                           pdfTeX warning (ext4): destination with the same ide
ntifier (name{left}) has been already used, duplicate ignored
<to be read again> 
                   \relax 
l.701 \hypertarget{left}{}
                          
<"Clase-4_files/figure-latex/""unnamed-chunk-20-1".pdf, id=323, 469.755pt x 325
.215pt>
File: "Clase-4_files/figure-latex/""unnamed-chunk-20-1".pdf Graphic file (type 
pdf)
<use "Clase-4_files/figure-latex/""unnamed-chunk-20-1".pdf>
Package pdftex.def Info: "Clase-4_files/figure-latex/""unnamed-chunk-20-1".pdf 
 used on input line 702.
(pdftex.def)             Requested size: 469.75386pt x 325.2142pt.
pdfTeX warning (ext4): destination with the same identifier (name{right}) has b
een already used, duplicate ignored
<to be read again> 
                   \relax 
l.704 \hypertarget{right}{}
                            [14]pdfTeX warning (ext4): destination with the sam
e identifier (name{left}) has been already used, duplicate ignored
<to be read again> 
                   \relax 
l.718 \hypertarget{left}{}
                          
<"Clase-4_files/figure-latex/""unnamed-chunk-21-1".pdf, id=329, 469.755pt x 325
.215pt>
File: "Clase-4_files/figure-latex/""unnamed-chunk-21-1".pdf Graphic file (type 
pdf)
<use "Clase-4_files/figure-latex/""unnamed-chunk-21-1".pdf>
Package pdftex.def Info: "Clase-4_files/figure-latex/""unnamed-chunk-21-1".pdf 
 used on input line 719.
(pdftex.def)             Requested size: 469.75386pt x 325.2142pt.
pdfTeX warning (ext4): destination with the same identifier (name{right}) has b
een already used, duplicate ignored
<to be read again> 
                   \relax 
l.721 \hypertarget{right}{}
                            [15 <./Clase-4_files/figure-latex/unnamed-chunk-20-
1.pdf>]
Overfull \hbox (2.7436pt too wide) in paragraph at lines 743--743
[]\T1/lmtt/m/n/10 plot(seq(1:7),svec,type="overplotted", pch=16, ylab="Stress",
xlab="Número de dimensiones")[] 
 []

pdfTeX warning (ext4): destination with the same identifier (name{left}) has be
en already used, duplicate ignored
<to be read again> 
                   \relax 
l.761 \hypertarget{left}{}
                          
<"Clase-4_files/figure-latex/""unnamed-chunk-22-1".pdf, id=340, 469.755pt x 325
.215pt>
File: "Clase-4_files/figure-latex/""unnamed-chunk-22-1".pdf Graphic file (type 
pdf)
<use "Clase-4_files/figure-latex/""unnamed-chunk-22-1".pdf>
Package pdftex.def Info: "Clase-4_files/figure-latex/""unnamed-chunk-22-1".pdf 
 used on input line 762.
(pdftex.def)             Requested size: 469.75386pt x 325.2142pt.
pdfTeX warning (ext4): destination with the same identifier (name{right}) has b
een already used, duplicate ignored
<to be read again> 
                   \relax 
l.764 \hypertarget{right}{}
                            [16 <./Clase-4_files/figure-latex/unnamed-chunk-21-
1.pdf>]pdfTeX warning (ext4): destination with the same identifier (name{left})
 has been already used, duplicate ignored
<to be read again> 
                   \relax 
l.779 \hypertarget{left}{}
                          
File: "images/""cuadro".jpg Graphic file (type jpg)
<use "images/""cuadro".jpg>
Package pdftex.def Info: "images/""cuadro".jpg  used on input line 780.
(pdftex.def)             Requested size: 469.77217pt x 206.46379pt.
pdfTeX warning (ext4): destination with the same identifier (name{right}) has b
een already used, duplicate ignored
<to be read again> 
                   \relax 
l.782 \hypertarget{right}{}
                           
File: "images/""geogra".jpg Graphic file (type jpg)
<use "images/""geogra".jpg>
Package pdftex.def Info: "images/""geogra".jpg  used on input line 783.
(pdftex.def)             Requested size: 469.75288pt x 367.96333pt.
 [17 <./Clase-4_files/figure-latex/unnamed-chunk-22-1.pdf>]pdfTeX warning (ext4
): destination with the same identifier (name{left}) has been already used, dup
licate ignored
<to be read again> 
                   \relax 
l.788 \hypertarget{left}{}
                          
<"Clase-4_files/figure-latex/""unnamed-chunk-25-1".pdf, id=360, 469.755pt x 325
.215pt>
File: "Clase-4_files/figure-latex/""unnamed-chunk-25-1".pdf Graphic file (type 
pdf)
<use "Clase-4_files/figure-latex/""unnamed-chunk-25-1".pdf>
Package pdftex.def Info: "Clase-4_files/figure-latex/""unnamed-chunk-25-1".pdf 
 used on input line 789.
(pdftex.def)             Requested size: 469.75386pt x 325.2142pt.
pdfTeX warning (ext4): destination with the same identifier (name{right}) has b
een already used, duplicate ignored
<to be read again> 
                   \relax 
l.791 \hypertarget{right}{}
                            [18]pdfTeX warning (ext4): destination with the sam
e identifier (name{left}) has been already used, duplicate ignored
<to be read again> 
                   \relax 
l.802 \hypertarget{left}{}
                          
<"Clase-4_files/figure-latex/""unnamed-chunk-26-1".pdf, id=365, 469.755pt x 325
.215pt>
File: "Clase-4_files/figure-latex/""unnamed-chunk-26-1".pdf Graphic file (type 
pdf)
<use "Clase-4_files/figure-latex/""unnamed-chunk-26-1".pdf>
Package pdftex.def Info: "Clase-4_files/figure-latex/""unnamed-chunk-26-1".pdf 
 used on input line 803.
(pdftex.def)             Requested size: 469.75386pt x 325.2142pt.
pdfTeX warning (ext4): destination with the same identifier (name{right}) has b
een already used, duplicate ignored
<to be read again> 
                   \relax 
l.805 \hypertarget{right}{}
                            [19 <./Clase-4_files/figure-latex/unnamed-chunk-25-
1.pdf>] [20 <./Clase-4_files/figure-latex/unnamed-chunk-26-1.pdf>]pdfTeX warnin
g (ext4): destination with the same identifier (name{left}) has been already us
ed, duplicate ignored
<to be read again> 
                   \relax 
l.854 \hypertarget{left}{}
                          pdfTeX warning (ext4): destination with the same iden
tifier (name{right}) has been already used, duplicate ignored
<to be read again> 
                   \relax 
l.874 \hypertarget{right}{}
                           pdfTeX warning (ext4): destination with the same ide
ntifier (name{left}) has been already used, duplicate ignored
<to be read again> 
                   \relax 
l.885 \hypertarget{left}{}
                          
<"Clase-4_files/figure-latex/""unnamed-chunk-29-1".pdf, id=387, 469.755pt x 325
.215pt>
File: "Clase-4_files/figure-latex/""unnamed-chunk-29-1".pdf Graphic file (type 
pdf)
<use "Clase-4_files/figure-latex/""unnamed-chunk-29-1".pdf>
Package pdftex.def Info: "Clase-4_files/figure-latex/""unnamed-chunk-29-1".pdf 
 used on input line 886.
(pdftex.def)             Requested size: 469.75386pt x 325.2142pt.
pdfTeX warning (ext4): destination with the same identifier (name{right}) has b
een already used, duplicate ignored
<to be read again> 
                   \relax 
l.888 \hypertarget{right}{}
                            [21]pdfTeX warning (ext4): destination with the sam
e identifier (name{left}) has been already used, duplicate ignored
<to be read again> 
                   \relax 
l.903 \hypertarget{left}{}
                          
<"Clase-4_files/figure-latex/""unnamed-chunk-30-1".pdf, id=392, 469.755pt x 325
.215pt>
File: "Clase-4_files/figure-latex/""unnamed-chunk-30-1".pdf Graphic file (type 
pdf)
<use "Clase-4_files/figure-latex/""unnamed-chunk-30-1".pdf>
Package pdftex.def Info: "Clase-4_files/figure-latex/""unnamed-chunk-30-1".pdf 
 used on input line 904.
(pdftex.def)             Requested size: 469.75386pt x 325.2142pt.
pdfTeX warning (ext4): destination with the same identifier (name{right}) has b
een already used, duplicate ignored
<to be read again> 
                   \relax 
l.906 \hypertarget{right}{}
                            [22 <./Clase-4_files/figure-latex/unnamed-chunk-29-
1.pdf>]pdfTeX warning (ext4): destination with the same identifier (name{left})
 has been already used, duplicate ignored
<to be read again> 
                   \relax 
l.934 \hypertarget{left}{}
                           [23 <./Clase-4_files/figure-latex/unnamed-chunk-30-1
.pdf>]pdfTeX warning (ext4): destination with the same identifier (name{right})
 has been already used, duplicate ignored
<to be read again> 
                   \relax 
l.951 \hypertarget{right}{}
                           pdfTeX warning (ext4): destination with the same ide
ntifier (name{left}) has been already used, duplicate ignored
<to be read again> 
                   \relax 
l.963 \hypertarget{left}{}
                          
Overfull \hbox (7.99359pt too wide) in paragraph at lines 983--983
[]\T1/lmtt/m/n/10 ## Call: permtest.smacof(object = fit.wenchuan1, data = Wench
uan, method.dat = "euclidean",[] 
 []

pdfTeX warning (ext4): destination with the same identifier (name{right}) has b
een already used, duplicate ignored
<to be read again> 
                   \relax 
l.985 \hypertarget{right}{}
                           pdfTeX warning (ext4): destination with the same ide
ntifier (name{left}) has been already used, duplicate ignored
<to be read again> 
                   \relax 
l.998 \hypertarget{left}{}
                          
<"Clase-4_files/figure-latex/""unnamed-chunk-33-1".pdf, id=413, 469.755pt x 325
.215pt>
File: "Clase-4_files/figure-latex/""unnamed-chunk-33-1".pdf Graphic file (type 
pdf)
<use "Clase-4_files/figure-latex/""unnamed-chunk-33-1".pdf>
Package pdftex.def Info: "Clase-4_files/figure-latex/""unnamed-chunk-33-1".pdf 
 used on input line 999.
(pdftex.def)             Requested size: 469.75386pt x 325.2142pt.
pdfTeX warning (ext4): destination with the same identifier (name{right}) has b
een already used, duplicate ignored
<to be read again> 
                   \relax 
l.1001 \hypertarget{right}{}
                             [24]pdfTeX warning (ext4): destination with the sa
me identifier (name{left}) has been already used, duplicate ignored
<to be read again> 
                   \relax 
l.1038 \hypertarget{left}{}
                            [25 <./Clase-4_files/figure-latex/unnamed-chunk-33-
1.pdf>]pdfTeX warning (ext4): destination with the same identifier (name{right}
) has been already used, duplicate ignored
<to be read again> 
                   \relax 
l.1047 \hypertarget{right}{}
                            pdfTeX warning (ext4): destination with the same id
entifier (name{left}) has been already used, duplicate ignored
<to be read again> 
                   \relax 
l.1076 \hypertarget{left}{}
                           
<"Clase-4_files/figure-latex/""unnamed-chunk-35-1".pdf, id=429, 469.755pt x 325
.215pt>
File: "Clase-4_files/figure-latex/""unnamed-chunk-35-1".pdf Graphic file (type 
pdf)
<use "Clase-4_files/figure-latex/""unnamed-chunk-35-1".pdf>
Package pdftex.def Info: "Clase-4_files/figure-latex/""unnamed-chunk-35-1".pdf 
 used on input line 1077.
(pdftex.def)             Requested size: 469.75386pt x 325.2142pt.
pdfTeX warning (ext4): destination with the same identifier (name{right}) has b
een already used, duplicate ignored
<to be read again> 
                   \relax 
l.1079 \hypertarget{right}{}
                             [26 <./Clase-4_files/figure-latex/unnamed-chunk-35
-1.pdf>]pdfTeX warning (ext4): destination with the same identifier (name{left}
) has been already used, duplicate ignored
<to be read again> 
                   \relax 
l.1091 \hypertarget{left}{}
                           
<"Clase-4_files/figure-latex/""unnamed-chunk-36-1".pdf, id=440, 469.755pt x 325
.215pt>
File: "Clase-4_files/figure-latex/""unnamed-chunk-36-1".pdf Graphic file (type 
pdf)
<use "Clase-4_files/figure-latex/""unnamed-chunk-36-1".pdf>
Package pdftex.def Info: "Clase-4_files/figure-latex/""unnamed-chunk-36-1".pdf 
 used on input line 1092.
(pdftex.def)             Requested size: 469.75386pt x 325.2142pt.
pdfTeX warning (ext4): destination with the same identifier (name{right}) has b
een already used, duplicate ignored
<to be read again> 
                   \relax 
l.1094 \hypertarget{right}{}
                            
Package atveryend Info: Empty hook `BeforeClearDocument' on input line 1109.
 [27 <./Clase-4_files/figure-latex/unnamed-chunk-36-1.pdf>]
Package atveryend Info: Empty hook `AfterLastShipout' on input line 1109.
 (Clase-4.aux)
Package atveryend Info: Executing hook `AtVeryEndDocument' on input line 1109.
Package atveryend Info: Executing hook `AtEndAfterFileList' on input line 1109.

Package rerunfilecheck Info: File `Clase-4.out' has not changed.
(rerunfilecheck)             Checksum: 2928BD72874DD03AF28E5C79F152DE4F;12643.
Package atveryend Info: Empty hook `AtVeryVeryEnd' on input line 1109.
 ) 
Here is how much of TeX's memory you used:
 13123 strings out of 492453
 196729 string characters out of 3129814
 295091 words of memory out of 3000000
 17095 multiletter control sequences out of 15000+200000
 55533 words of font info for 88 fonts, out of 3000000 for 9000
 1141 hyphenation exceptions out of 8191
 46i,5n,42p,972b,448s stack positions out of 5000i,500n,10000p,200000b,50000s
{C:/Program Files/MiKTeX 2.9/fonts/enc/dvips/lm/lm-ts1.enc}{C:/Program Files/
MiKTeX 2.9/fonts/enc/dvips/lm/lm-mathsy.enc}{C:/Program Files/MiKTeX 2.9/fonts/
enc/dvips/lm/lm-ec.enc}{C:/Program Files/MiKTeX 2.9/fonts/enc/dvips/lm/lm-mathe
x.enc}{C:/Program Files/MiKTeX 2.9/fonts/enc/dvips/lm/lm-mathit.enc}{C:/Program
 Files/MiKTeX 2.9/fonts/enc/dvips/lm/lm-rm.enc}<C:/Program Files/MiKTeX 2.9/fon
ts/type1/public/lm/lmbx10.pfb><C:/Program Files/MiKTeX 2.9/fonts/type1/public/l
m/lmbx12.pfb><C:/Program Files/MiKTeX 2.9/fonts/type1/public/lm/lmex10.pfb><C:/
Program Files/MiKTeX 2.9/fonts/type1/public/lm/lmmi10.pfb><C:/Program Files/MiK
TeX 2.9/fonts/type1/public/lm/lmmi5.pfb><C:/Program Files/MiKTeX 2.9/fonts/type
1/public/lm/lmmi7.pfb><C:/Program Files/MiKTeX 2.9/fonts/type1/public/lm/lmr10.
pfb><C:/Program Files/MiKTeX 2.9/fonts/type1/public/lm/lmr5.pfb><C:/Program Fil
es/MiKTeX 2.9/fonts/type1/public/lm/lmr7.pfb><C:/Program Files/MiKTeX 2.9/fonts
/type1/public/lm/lmri12.pfb><C:/Program Files/MiKTeX 2.9/fonts/type1/public/lm/
lmsy10.pfb><C:/Program Files/MiKTeX 2.9/fonts/type1/public/lm/lmsy7.pfb><C:/Pro
gram Files/MiKTeX 2.9/fonts/type1/public/lm/lmtt10.pfb>
Output written on Clase-4.pdf (27 pages, 810962 bytes).
PDF statistics:
 521 PDF objects out of 1000 (max. 8388607)
 82 named destinations out of 1000 (max. 500000)
 8709 words of extra memory for PDF output out of 10000 (max. 10000000)

